<?xml version="1.0" encoding="UTF-8"?>
<!-- Generated by org.testng.reporters.JUnitXMLReporter -->
<testsuite ignored="0" hostname="DESKTOP-NI4ADK7" failures="0" tests="5" name="Default test" time="19.46" errors="0" timestamp="2022-11-19T21:01:51 PKT">
  <testcase classname="com.reqrestesting.api.tests.TestIntegration" name="testTask1" time="2.541"/>
  <testcase classname="com.reqrestesting.api.tests.TestIntegration" name="testTask2" time="1.545"/>
  <testcase classname="com.reqrestesting.api.tests.TestIntegration" name="testTask3" time="2.337"/>
  <testcase classname="com.reqrestesting.api.tests.TestIntegration" name="testTask4" time="1.414"/>
  <testcase classname="com.reqrestesting.api.tests.TestIntegration" name="testTask5" time="1.94"/>
</testsuite> <!-- Default test -->
