<?xml version="1.0" encoding="UTF-8"?>
<!-- Generated by org.testng.reporters.JUnitXMLReporter -->
<testsuite ignored="0" hostname="DESKTOP-NI4ADK7" failures="0" tests="10" name="Test" time="15.633" errors="0" timestamp="2022-11-06T00:15:19 PKT">
  <testcase classname="com.reqrestesting.api.tests.TestUPDATEUser" name="testUPDATEMyUser" time="6.727"/>
  <testcase classname="com.reqrestesting.api.tests.TestGETUser" name="testGETAllUser" time="0.559"/>
  <testcase classname="com.reqrestesting.api.tests.TestIntegration" name="testTask1" time="0.529"/>
  <testcase classname="com.reqrestesting.api.tests.TestIntegration" name="testTask2" time="0.856"/>
  <testcase classname="com.reqrestesting.api.tests.TestIntegration" name="testTask3" time="0.906"/>
  <testcase classname="com.reqrestesting.api.tests.TestIntegration" name="testTask4" time="0.947"/>
  <testcase classname="com.reqrestesting.api.tests.TestIntegration" name="testTask5" time="0.788"/>
  <testcase classname="com.reqrestesting.api.tests.TestPOSTUser" name="testPOSTMyUser" time="0.931"/>
  <testcase classname="com.reqrestesting.api.tests.TestPATCHUser" name="testPartialUPDATEUser" time="0.948"/>
  <testcase classname="com.reqrestesting.api.tests.TestDELETEUser" name="testDELETEUser" time="0.781"/>
</testsuite> <!-- Test -->
