<?xml version="1.0" encoding="UTF-8"?>
<!-- Generated by org.testng.reporters.JUnitXMLReporter -->
<testsuite ignored="0" hostname="DESKTOP-NI4ADK7" failures="0" tests="5" name="Test" time="16.525" errors="0" timestamp="2022-11-19T20:57:58 PKT">
  <testcase classname="com.reqrestesting.api.tests.TestUPDATEUser" name="testUPDATEMyUser" time="5.743"/>
  <testcase classname="com.reqrestesting.api.tests.TestGETUser" name="testGETAllUser" time="2.598"/>
  <testcase classname="com.reqrestesting.api.tests.TestPOSTUser" name="testPOSTMyUser" time="2.108"/>
  <testcase classname="com.reqrestesting.api.tests.TestPATCHUser" name="testPartialUPDATEUser" time="1.84"/>
  <testcase classname="com.reqrestesting.api.tests.TestDELETEUser" name="testDELETEUser" time="2.682"/>
</testsuite> <!-- Test -->
