<?xml version="1.0" encoding="UTF-8"?>
<!-- Generated by org.testng.reporters.JUnitXMLReporter -->
<testsuite ignored="1" hostname="DESKTOP-NI4ADK7" failures="0" tests="4" name="Test" time="10.817" errors="0" timestamp="2022-11-21T15:07:13 PKT">
  <testcase classname="com.reqrestesting.api.tests.TestIntegration" name="testTask1" time="0.987"/>
  <testcase classname="com.reqrestesting.api.tests.TestIntegration" name="testTask3" time="0.755"/>
  <testcase classname="com.reqrestesting.api.tests.TestIntegration" name="testTask4" time="0.568"/>
  <testcase classname="com.reqrestesting.api.tests.TestIntegration" name="testTask5" time="0.458"/>
  <testcase classname="com.reqrestesting.api.tests.TestIntegration" name="testTask2" time="0.0">
    <ignored/>
  </testcase> <!-- testTask2 -->
</testsuite> <!-- Test -->
