<?xml version="1.0" encoding="UTF-8"?>
<testng-results ignored="1" total="5" passed="4" failed="0" skipped="0">
  <reporter-output>
  </reporter-output>
  <suite started-at="2022-11-21T15:07:02 PKT" name="TestIntegrationSuite" finished-at="2022-11-21T15:07:13 PKT" duration-ms="10817">
    <groups>
    </groups>
    <test started-at="2022-11-21T15:07:02 PKT" name="Test" finished-at="2022-11-21T15:07:13 PKT" duration-ms="10817">
      <class name="com.reqrestesting.api.tests.TestIntegration">
        <test-method is-config="true" signature="init()[pri:0, instance:com.reqrestesting.api.tests.TestIntegration@7906578e]" started-at="2022-11-21T15:07:03 PKT" name="init" finished-at="2022-11-21T15:07:04 PKT" duration-ms="1363" status="PASS">
          <reporter-output>
          </reporter-output>
        </test-method> <!-- init -->
        <test-method is-config="true" signature="testTask2()[pri:0, instance:com.reqrestesting.api.tests.TestIntegration@7906578e]" started-at="2022-11-21T15:07:04 PKT" name="testTask2" finished-at="2022-11-21T15:07:10 PKT" duration-ms="6305" status="PASS">
          <reporter-output>
          </reporter-output>
        </test-method> <!-- testTask2 -->
        <test-method is-config="true" signature="beforeEveryMethod()[pri:0, instance:com.reqrestesting.api.tests.TestIntegration@7906578e]" started-at="2022-11-21T15:07:10 PKT" name="beforeEveryMethod" finished-at="2022-11-21T15:07:10 PKT" duration-ms="1" status="PASS">
          <reporter-output>
          </reporter-output>
        </test-method> <!-- beforeEveryMethod -->
        <test-method signature="testTask1()[pri:0, instance:com.reqrestesting.api.tests.TestIntegration@7906578e]" started-at="2022-11-21T15:07:10 PKT" name="testTask1" finished-at="2022-11-21T15:07:11 PKT" duration-ms="987" status="PASS">
          <reporter-output>
          </reporter-output>
        </test-method> <!-- testTask1 -->
        <test-method is-config="true" signature="beforeEveryMethod()[pri:0, instance:com.reqrestesting.api.tests.TestIntegration@7906578e]" started-at="2022-11-21T15:07:11 PKT" name="beforeEveryMethod" finished-at="2022-11-21T15:07:11 PKT" duration-ms="0" status="PASS">
          <reporter-output>
          </reporter-output>
        </test-method> <!-- beforeEveryMethod -->
        <test-method signature="testTask3()[pri:0, instance:com.reqrestesting.api.tests.TestIntegration@7906578e]" started-at="2022-11-21T15:07:11 PKT" name="testTask3" finished-at="2022-11-21T15:07:12 PKT" duration-ms="755" status="PASS">
          <reporter-output>
          </reporter-output>
        </test-method> <!-- testTask3 -->
        <test-method is-config="true" signature="beforeEveryMethod()[pri:0, instance:com.reqrestesting.api.tests.TestIntegration@7906578e]" started-at="2022-11-21T15:07:12 PKT" name="beforeEveryMethod" finished-at="2022-11-21T15:07:12 PKT" duration-ms="2" status="PASS">
          <reporter-output>
          </reporter-output>
        </test-method> <!-- beforeEveryMethod -->
        <test-method signature="testTask4()[pri:0, instance:com.reqrestesting.api.tests.TestIntegration@7906578e]" started-at="2022-11-21T15:07:12 PKT" name="testTask4" finished-at="2022-11-21T15:07:13 PKT" duration-ms="568" status="PASS">
          <reporter-output>
          </reporter-output>
        </test-method> <!-- testTask4 -->
        <test-method is-config="true" signature="beforeEveryMethod()[pri:0, instance:com.reqrestesting.api.tests.TestIntegration@7906578e]" started-at="2022-11-21T15:07:13 PKT" name="beforeEveryMethod" finished-at="2022-11-21T15:07:13 PKT" duration-ms="2" status="PASS">
          <reporter-output>
          </reporter-output>
        </test-method> <!-- beforeEveryMethod -->
        <test-method signature="testTask5()[pri:0, instance:com.reqrestesting.api.tests.TestIntegration@7906578e]" started-at="2022-11-21T15:07:13 PKT" name="testTask5" finished-at="2022-11-21T15:07:13 PKT" duration-ms="458" status="PASS">
          <reporter-output>
          </reporter-output>
        </test-method> <!-- testTask5 -->
      </class> <!-- com.reqrestesting.api.tests.TestIntegration -->
    </test> <!-- Test -->
  </suite> <!-- TestIntegrationSuite -->
</testng-results>
