<?xml version="1.0" encoding="UTF-8"?>
<!-- Generated by org.testng.reporters.JUnitXMLReporter -->
<testsuite ignored="3" hostname="EshaImran-G7" failures="0" tests="2" name="Test" time="11.169" errors="0" timestamp="2023-11-03T00:35:40 PKT">
  <testcase classname="test.SauceDemoLoginPageTest" name="invalidLogin" time="10.135"/>
  <testcase classname="test.SauceDemoLoginPageTest" name="validLogin" time="0.647"/>
  <testcase classname="test.SauceDemoLoginPageTest" name="checkAddToCartButtonTest" time="0.0">
    <ignored/>
  </testcase> <!-- checkAddToCartButtonTest -->
  <testcase classname="test.SauceDemoLoginPageTest" name="logoutTest" time="0.0">
    <ignored/>
  </testcase> <!-- logoutTest -->
  <testcase classname="test.SauceDemoLoginPageTest" name="checkInventoryItemTest" time="0.0">
    <ignored/>
  </testcase> <!-- checkInventoryItemTest -->
</testsuite> <!-- Test -->
